2023-12-08T12:36:54.580995-00:00 0 [System] [MY-015017] [Server] MySQL Server Initialization - start.
2023-12-08T12:36:54.582037-00:00 0 [Warning] [MY-011068] [Server] The syntax '--skip-host-cache' is deprecated and will be removed in a future release. Please use SET GLOBAL host_cache_size=0 instead.
2023-12-08T12:36:54.582098-00:00 0 [Warning] [MY-010918] [Server] 'default_authentication_plugin' is deprecated and will be removed in a future release. Please use authentication_policy instead.
2023-12-08T12:36:54.582115-00:00 0 [System] [MY-013169] [Server] /usr/sbin/mysqld (mysqld 8.2.0) initializing of server in progress as process 80
2023-12-08T12:36:54.588260-00:00 1 [System] [MY-013576] [InnoDB] InnoDB initialization has started.
2023-12-08T12:36:54.828531-00:00 1 [System] [MY-013577] [InnoDB] InnoDB initialization has ended.
2023-12-08T12:36:55.531632-00:00 6 [Warning] [MY-010453] [Server] root@localhost is created with an empty password ! Please consider switching off the --initialize-insecure option.
2023-12-08T12:36:55.644992-00:00 6 [Warning] [MY-013360] [Server] Plugin mysql_native_password reported: ''mysql_native_password' is deprecated and will be removed in a future release. Please use caching_sha2_password instead'
2023-12-08T12:36:58.824419-00:00 0 [System] [MY-015018] [Server] MySQL Server Initialization - end.
2023-12-08T12:36:58.859686-00:00 0 [System] [MY-015015] [Server] MySQL Server - start.
2023-12-08T12:36:59.030295-00:00 0 [Warning] [MY-011068] [Server] The syntax '--skip-host-cache' is deprecated and will be removed in a future release. Please use SET GLOBAL host_cache_size=0 instead.
2023-12-08T12:36:59.032217-00:00 0 [Warning] [MY-010918] [Server] 'default_authentication_plugin' is deprecated and will be removed in a future release. Please use authentication_policy instead.
2023-12-08T12:36:59.032233-00:00 0 [System] [MY-010116] [Server] /usr/sbin/mysqld (mysqld 8.2.0) starting as process 124
2023-12-08T12:36:59.045726-00:00 1 [System] [MY-013576] [InnoDB] InnoDB initialization has started.
2023-12-08T12:36:59.127498-00:00 1 [System] [MY-013577] [InnoDB] InnoDB initialization has ended.
2023-12-08T12:36:59.283880-00:00 0 [Warning] [MY-010068] [Server] CA certificate ca.pem is self signed.
2023-12-08T12:36:59.284041-00:00 0 [System] [MY-013602] [Server] Channel mysql_main configured to support TLS. Encrypted connections are now supported for this channel.
2023-12-08T12:36:59.285149-00:00 0 [Warning] [MY-011810] [Server] Insecure configuration for --pid-file: Location '/var/run/mysqld' in the path is accessible to all OS users. Consider choosing a different directory.
2023-12-08T12:36:59.293425-00:00 0 [System] [MY-011323] [Server] X Plugin ready for connections. Socket: /var/run/mysqld/mysqlx.sock
2023-12-08T12:36:59.293480-00:00 0 [System] [MY-010931] [Server] /usr/sbin/mysqld: ready for connections. Version: '8.2.0'  socket: '/var/run/mysqld/mysqld.sock'  port: 0  MySQL Community Server - GPL.
2023-12-08T12:36:59.327589-00:00 8 [Warning] [MY-013360] [Server] Plugin mysql_native_password reported: ''mysql_native_password' is deprecated and will be removed in a future release. Please use caching_sha2_password instead'
2023-12-08T12:37:01.575475-00:00 9 [Warning] [MY-013360] [Server] Plugin mysql_native_password reported: ''mysql_native_password' is deprecated and will be removed in a future release. Please use caching_sha2_password instead'
2023-12-08T12:37:01.577075-00:00 9 [Warning] [MY-013360] [Server] Plugin mysql_native_password reported: ''mysql_native_password' is deprecated and will be removed in a future release. Please use caching_sha2_password instead'
2023-12-08T12:37:01.580587-00:00 9 [Warning] [MY-013360] [Server] Plugin mysql_native_password reported: ''mysql_native_password' is deprecated and will be removed in a future release. Please use caching_sha2_password instead'
2023-12-08T12:37:01.592512-00:00 10 [Warning] [MY-013360] [Server] Plugin mysql_native_password reported: ''mysql_native_password' is deprecated and will be removed in a future release. Please use caching_sha2_password instead'
2023-12-08T12:37:01.604102-00:00 11 [Warning] [MY-013360] [Server] Plugin mysql_native_password reported: ''mysql_native_password' is deprecated and will be removed in a future release. Please use caching_sha2_password instead'
2023-12-08T12:37:01.605554-00:00 11 [Warning] [MY-013360] [Server] Plugin mysql_native_password reported: ''mysql_native_password' is deprecated and will be removed in a future release. Please use caching_sha2_password instead'
2023-12-08T12:37:01.614146-00:00 12 [Warning] [MY-013360] [Server] Plugin mysql_native_password reported: ''mysql_native_password' is deprecated and will be removed in a future release. Please use caching_sha2_password instead'
2023-12-08T12:37:01.621763-00:00 13 [Warning] [MY-013360] [Server] Plugin mysql_native_password reported: ''mysql_native_password' is deprecated and will be removed in a future release. Please use caching_sha2_password instead'
2023-12-08T12:37:01.624064-00:00 13 [System] [MY-013172] [Server] Received SHUTDOWN from user root. Shutting down mysqld (Version: 8.2.0).
2023-12-08T12:37:02.884273-00:00 0 [System] [MY-010910] [Server] /usr/sbin/mysqld: Shutdown complete (mysqld 8.2.0)  MySQL Community Server - GPL.
2023-12-08T12:37:02.888131-00:00 0 [System] [MY-015016] [Server] MySQL Server - end.
2023-12-08T12:37:03.663158-00:00 0 [System] [MY-015015] [Server] MySQL Server - start.
2023-12-08T12:37:03.822381-00:00 0 [Warning] [MY-011068] [Server] The syntax '--skip-host-cache' is deprecated and will be removed in a future release. Please use SET GLOBAL host_cache_size=0 instead.
2023-12-08T12:37:03.823567-00:00 0 [Warning] [MY-010918] [Server] 'default_authentication_plugin' is deprecated and will be removed in a future release. Please use authentication_policy instead.
2023-12-08T12:37:03.823592-00:00 0 [System] [MY-010116] [Server] /usr/sbin/mysqld (mysqld 8.2.0) starting as process 1
2023-12-08T12:37:03.831155-00:00 1 [System] [MY-013576] [InnoDB] InnoDB initialization has started.
2023-12-08T12:37:03.895333-00:00 1 [System] [MY-013577] [InnoDB] InnoDB initialization has ended.
2023-12-08T12:37:04.035217-00:00 0 [Warning] [MY-010068] [Server] CA certificate ca.pem is self signed.
2023-12-08T12:37:04.035399-00:00 0 [System] [MY-013602] [Server] Channel mysql_main configured to support TLS. Encrypted connections are now supported for this channel.
2023-12-08T12:37:04.036586-00:00 0 [Warning] [MY-011810] [Server] Insecure configuration for --pid-file: Location '/var/run/mysqld' in the path is accessible to all OS users. Consider choosing a different directory.
2023-12-08T12:37:04.044891-00:00 0 [System] [MY-011323] [Server] X Plugin ready for connections. Bind-address: '::' port: 33060, socket: /var/run/mysqld/mysqlx.sock
2023-12-08T12:37:04.045024-00:00 0 [System] [MY-010931] [Server] /usr/sbin/mysqld: ready for connections. Version: '8.2.0'  socket: '/var/run/mysqld/mysqld.sock'  port: 3306  MySQL Community Server - GPL.
2023-12-08T12:38:16.843919-00:00 0 [System] [MY-013172] [Server] Received SHUTDOWN from user <via user signal>. Shutting down mysqld (Version: 8.2.0).
2023-12-08T12:38:17.684168-00:00 0 [System] [MY-010910] [Server] /usr/sbin/mysqld: Shutdown complete (mysqld 8.2.0)  MySQL Community Server - GPL.
2023-12-08T12:38:17.686482-00:00 0 [System] [MY-015016] [Server] MySQL Server - end.
2023-12-08T21:38:28.404727+09:00 0 [System] [MY-015015] [Server] MySQL Server - start.
2023-12-08T21:38:28.562326+09:00 0 [Warning] [MY-011068] [Server] The syntax '--skip-host-cache' is deprecated and will be removed in a future release. Please use SET GLOBAL host_cache_size=0 instead.
2023-12-08T21:38:28.563340+09:00 0 [Warning] [MY-010918] [Server] 'default_authentication_plugin' is deprecated and will be removed in a future release. Please use authentication_policy instead.
2023-12-08T21:38:28.563355+09:00 0 [System] [MY-010116] [Server] /usr/sbin/mysqld (mysqld 8.2.0) starting as process 1
2023-12-08T21:38:28.570007+09:00 1 [System] [MY-013576] [InnoDB] InnoDB initialization has started.
2023-12-08T21:38:28.638390+09:00 1 [System] [MY-013577] [InnoDB] InnoDB initialization has ended.
2023-12-08T21:38:28.717522+09:00 0 [Warning] [MY-010068] [Server] CA certificate ca.pem is self signed.
2023-12-08T21:38:28.717691+09:00 0 [System] [MY-013602] [Server] Channel mysql_main configured to support TLS. Encrypted connections are now supported for this channel.
2023-12-08T21:38:28.720145+09:00 0 [Warning] [MY-011810] [Server] Insecure configuration for --pid-file: Location '/var/run/mysqld' in the path is accessible to all OS users. Consider choosing a different directory.
2023-12-08T21:38:28.728468+09:00 0 [System] [MY-011323] [Server] X Plugin ready for connections. Bind-address: '::' port: 33060, socket: /var/run/mysqld/mysqlx.sock
2023-12-08T21:38:28.728502+09:00 0 [System] [MY-010931] [Server] /usr/sbin/mysqld: ready for connections. Version: '8.2.0'  socket: '/var/run/mysqld/mysqld.sock'  port: 3306  MySQL Community Server - GPL.
2023-12-08T22:03:37.967401+09:00 0 [System] [MY-013172] [Server] Received SHUTDOWN from user <via user signal>. Shutting down mysqld (Version: 8.2.0).
2023-12-08T22:03:39.271420+09:00 0 [System] [MY-010910] [Server] /usr/sbin/mysqld: Shutdown complete (mysqld 8.2.0)  MySQL Community Server - GPL.
2023-12-08T22:03:39.291200+09:00 0 [System] [MY-015016] [Server] MySQL Server - end.
2023-12-08T22:03:46.025673+09:00 0 [System] [MY-015015] [Server] MySQL Server - start.
2023-12-08T22:03:46.236285+09:00 0 [Warning] [MY-011068] [Server] The syntax '--skip-host-cache' is deprecated and will be removed in a future release. Please use SET GLOBAL host_cache_size=0 instead.
2023-12-08T22:03:46.237861+09:00 0 [Warning] [MY-010918] [Server] 'default_authentication_plugin' is deprecated and will be removed in a future release. Please use authentication_policy instead.
2023-12-08T22:03:46.237896+09:00 0 [System] [MY-010116] [Server] /usr/sbin/mysqld (mysqld 8.2.0) starting as process 1
2023-12-08T22:03:46.247253+09:00 1 [System] [MY-013576] [InnoDB] InnoDB initialization has started.
2023-12-08T22:03:46.358966+09:00 1 [System] [MY-013577] [InnoDB] InnoDB initialization has ended.
2023-12-08T22:03:46.518498+09:00 0 [Warning] [MY-010068] [Server] CA certificate ca.pem is self signed.
2023-12-08T22:03:46.518678+09:00 0 [System] [MY-013602] [Server] Channel mysql_main configured to support TLS. Encrypted connections are now supported for this channel.
2023-12-08T22:03:46.519967+09:00 0 [Warning] [MY-011810] [Server] Insecure configuration for --pid-file: Location '/var/run/mysqld' in the path is accessible to all OS users. Consider choosing a different directory.
2023-12-08T22:03:46.530988+09:00 0 [System] [MY-011323] [Server] X Plugin ready for connections. Bind-address: '::' port: 33060, socket: /var/run/mysqld/mysqlx.sock
2023-12-08T22:03:46.531045+09:00 0 [System] [MY-010931] [Server] /usr/sbin/mysqld: ready for connections. Version: '8.2.0'  socket: '/var/run/mysqld/mysqld.sock'  port: 3306  MySQL Community Server - GPL.
2023-12-08T22:09:37.696160+09:00 0 [System] [MY-013172] [Server] Received SHUTDOWN from user <via user signal>. Shutting down mysqld (Version: 8.2.0).
2023-12-08T22:09:38.972375+09:00 0 [System] [MY-010910] [Server] /usr/sbin/mysqld: Shutdown complete (mysqld 8.2.0)  MySQL Community Server - GPL.
2023-12-08T22:09:38.975316+09:00 0 [System] [MY-015016] [Server] MySQL Server - end.
2023-12-08T22:09:47.860048+09:00 0 [System] [MY-015015] [Server] MySQL Server - start.
2023-12-08T22:09:48.031401+09:00 0 [Warning] [MY-011068] [Server] The syntax '--skip-host-cache' is deprecated and will be removed in a future release. Please use SET GLOBAL host_cache_size=0 instead.
2023-12-08T22:09:48.032683+09:00 0 [Warning] [MY-010918] [Server] 'default_authentication_plugin' is deprecated and will be removed in a future release. Please use authentication_policy instead.
2023-12-08T22:09:48.032701+09:00 0 [System] [MY-010116] [Server] /usr/sbin/mysqld (mysqld 8.2.0) starting as process 1
2023-12-08T22:09:48.040658+09:00 1 [System] [MY-013576] [InnoDB] InnoDB initialization has started.
2023-12-08T22:09:48.109572+09:00 1 [System] [MY-013577] [InnoDB] InnoDB initialization has ended.
2023-12-08T22:09:48.253016+09:00 0 [Warning] [MY-010068] [Server] CA certificate ca.pem is self signed.
2023-12-08T22:09:48.253163+09:00 0 [System] [MY-013602] [Server] Channel mysql_main configured to support TLS. Encrypted connections are now supported for this channel.
2023-12-08T22:09:48.254468+09:00 0 [Warning] [MY-011810] [Server] Insecure configuration for --pid-file: Location '/var/run/mysqld' in the path is accessible to all OS users. Consider choosing a different directory.
2023-12-08T22:09:48.262996+09:00 0 [System] [MY-011323] [Server] X Plugin ready for connections. Bind-address: '::' port: 33060, socket: /var/run/mysqld/mysqlx.sock
2023-12-08T22:09:48.263111+09:00 0 [System] [MY-010931] [Server] /usr/sbin/mysqld: ready for connections. Version: '8.2.0'  socket: '/var/run/mysqld/mysqld.sock'  port: 3306  MySQL Community Server - GPL.
2023-12-08T22:12:17.370689+09:00 0 [System] [MY-013172] [Server] Received SHUTDOWN from user <via user signal>. Shutting down mysqld (Version: 8.2.0).
2023-12-08T22:12:18.017944+09:00 0 [System] [MY-010910] [Server] /usr/sbin/mysqld: Shutdown complete (mysqld 8.2.0)  MySQL Community Server - GPL.
2023-12-08T22:12:18.020385+09:00 0 [System] [MY-015016] [Server] MySQL Server - end.
2023-12-08T22:12:45.952962+09:00 0 [System] [MY-015015] [Server] MySQL Server - start.
2023-12-08T22:12:46.112457+09:00 0 [Warning] [MY-011068] [Server] The syntax '--skip-host-cache' is deprecated and will be removed in a future release. Please use SET GLOBAL host_cache_size=0 instead.
2023-12-08T22:12:46.113584+09:00 0 [Warning] [MY-010918] [Server] 'default_authentication_plugin' is deprecated and will be removed in a future release. Please use authentication_policy instead.
2023-12-08T22:12:46.113598+09:00 0 [System] [MY-010116] [Server] /usr/sbin/mysqld (mysqld 8.2.0) starting as process 1
2023-12-08T22:12:46.120128+09:00 1 [System] [MY-013576] [InnoDB] InnoDB initialization has started.
2023-12-08T22:12:46.181346+09:00 1 [System] [MY-013577] [InnoDB] InnoDB initialization has ended.
2023-12-08T22:12:46.324895+09:00 0 [Warning] [MY-010068] [Server] CA certificate ca.pem is self signed.
2023-12-08T22:12:46.325094+09:00 0 [System] [MY-013602] [Server] Channel mysql_main configured to support TLS. Encrypted connections are now supported for this channel.
2023-12-08T22:12:46.326295+09:00 0 [Warning] [MY-011810] [Server] Insecure configuration for --pid-file: Location '/var/run/mysqld' in the path is accessible to all OS users. Consider choosing a different directory.
2023-12-08T22:12:46.336765+09:00 0 [System] [MY-011323] [Server] X Plugin ready for connections. Bind-address: '::' port: 33060, socket: /var/run/mysqld/mysqlx.sock
2023-12-08T22:12:46.336853+09:00 0 [System] [MY-010931] [Server] /usr/sbin/mysqld: ready for connections. Version: '8.2.0'  socket: '/var/run/mysqld/mysqld.sock'  port: 3306  MySQL Community Server - GPL.
2023-12-09T08:16:52.758129+09:00 8 [Warning] [MY-013360] [Server] Plugin mysql_native_password reported: ''mysql_native_password' is deprecated and will be removed in a future release. Please use caching_sha2_password instead'
2023-12-09T11:53:39.493421+09:00 0 [System] [MY-013172] [Server] Received SHUTDOWN from user <via user signal>. Shutting down mysqld (Version: 8.2.0).
2023-12-09T11:53:40.749061+09:00 0 [System] [MY-010910] [Server] /usr/sbin/mysqld: Shutdown complete (mysqld 8.2.0)  MySQL Community Server - GPL.
2023-12-09T11:53:40.767327+09:00 0 [System] [MY-015016] [Server] MySQL Server - end.
2023-12-09T12:23:26.673191+09:00 0 [System] [MY-015015] [Server] MySQL Server - start.
2023-12-09T12:23:26.925837+09:00 0 [Warning] [MY-011068] [Server] The syntax '--skip-host-cache' is deprecated and will be removed in a future release. Please use SET GLOBAL host_cache_size=0 instead.
2023-12-09T12:23:26.928160+09:00 0 [Warning] [MY-010918] [Server] 'default_authentication_plugin' is deprecated and will be removed in a future release. Please use authentication_policy instead.
2023-12-09T12:23:26.928205+09:00 0 [System] [MY-010116] [Server] /usr/sbin/mysqld (mysqld 8.2.0) starting as process 1
2023-12-09T12:23:26.939971+09:00 1 [System] [MY-013576] [InnoDB] InnoDB initialization has started.
2023-12-09T12:23:27.070391+09:00 1 [System] [MY-013577] [InnoDB] InnoDB initialization has ended.
2023-12-09T12:23:27.185133+09:00 0 [Warning] [MY-010068] [Server] CA certificate ca.pem is self signed.
2023-12-09T12:23:27.185301+09:00 0 [System] [MY-013602] [Server] Channel mysql_main configured to support TLS. Encrypted connections are now supported for this channel.
2023-12-09T12:23:27.186630+09:00 0 [Warning] [MY-011810] [Server] Insecure configuration for --pid-file: Location '/var/run/mysqld' in the path is accessible to all OS users. Consider choosing a different directory.
2023-12-09T12:23:27.199326+09:00 0 [System] [MY-011323] [Server] X Plugin ready for connections. Bind-address: '::' port: 33060, socket: /var/run/mysqld/mysqlx.sock
2023-12-09T12:23:27.199372+09:00 0 [System] [MY-010931] [Server] /usr/sbin/mysqld: ready for connections. Version: '8.2.0'  socket: '/var/run/mysqld/mysqld.sock'  port: 3306  MySQL Community Server - GPL.
2023-12-11T16:09:25.241917+09:00 0 [System] [MY-013172] [Server] Received SHUTDOWN from user <via user signal>. Shutting down mysqld (Version: 8.2.0).
2023-12-11T16:09:26.399174+09:00 0 [System] [MY-010910] [Server] /usr/sbin/mysqld: Shutdown complete (mysqld 8.2.0)  MySQL Community Server - GPL.
2023-12-11T16:09:26.409889+09:00 0 [System] [MY-015016] [Server] MySQL Server - end.
2023-12-11T16:13:13.075501+09:00 0 [System] [MY-015015] [Server] MySQL Server - start.
2023-12-11T16:13:13.363264+09:00 0 [Warning] [MY-011068] [Server] The syntax '--skip-host-cache' is deprecated and will be removed in a future release. Please use SET GLOBAL host_cache_size=0 instead.
2023-12-11T16:13:13.365546+09:00 0 [Warning] [MY-010918] [Server] 'default_authentication_plugin' is deprecated and will be removed in a future release. Please use authentication_policy instead.
2023-12-11T16:13:13.365580+09:00 0 [System] [MY-010116] [Server] /usr/sbin/mysqld (mysqld 8.2.0) starting as process 1
2023-12-11T16:13:13.377349+09:00 1 [System] [MY-013576] [InnoDB] InnoDB initialization has started.
2023-12-11T16:13:13.481311+09:00 1 [System] [MY-013577] [InnoDB] InnoDB initialization has ended.
2023-12-11T16:13:13.634078+09:00 0 [Warning] [MY-010068] [Server] CA certificate ca.pem is self signed.
2023-12-11T16:13:13.634249+09:00 0 [System] [MY-013602] [Server] Channel mysql_main configured to support TLS. Encrypted connections are now supported for this channel.
2023-12-11T16:13:13.635430+09:00 0 [Warning] [MY-011810] [Server] Insecure configuration for --pid-file: Location '/var/run/mysqld' in the path is accessible to all OS users. Consider choosing a different directory.
2023-12-11T16:13:13.645464+09:00 0 [System] [MY-011323] [Server] X Plugin ready for connections. Bind-address: '::' port: 33060, socket: /var/run/mysqld/mysqlx.sock
2023-12-11T16:13:13.645523+09:00 0 [System] [MY-010931] [Server] /usr/sbin/mysqld: ready for connections. Version: '8.2.0'  socket: '/var/run/mysqld/mysqld.sock'  port: 3306  MySQL Community Server - GPL.
2023-12-11T16:45:30.689635+09:00 0 [System] [MY-013172] [Server] Received SHUTDOWN from user <via user signal>. Shutting down mysqld (Version: 8.2.0).
2023-12-11T16:45:31.380815+09:00 0 [System] [MY-010910] [Server] /usr/sbin/mysqld: Shutdown complete (mysqld 8.2.0)  MySQL Community Server - GPL.
2023-12-11T16:45:31.427534+09:00 0 [System] [MY-015016] [Server] MySQL Server - end.
2023-12-11T16:46:25.778656+09:00 0 [System] [MY-015015] [Server] MySQL Server - start.
2023-12-11T16:46:26.133365+09:00 0 [Warning] [MY-011068] [Server] The syntax '--skip-host-cache' is deprecated and will be removed in a future release. Please use SET GLOBAL host_cache_size=0 instead.
2023-12-11T16:46:26.135888+09:00 0 [Warning] [MY-010918] [Server] 'default_authentication_plugin' is deprecated and will be removed in a future release. Please use authentication_policy instead.
2023-12-11T16:46:26.135923+09:00 0 [System] [MY-010116] [Server] /usr/sbin/mysqld (mysqld 8.2.0) starting as process 1
2023-12-11T16:46:26.149585+09:00 1 [System] [MY-013576] [InnoDB] InnoDB initialization has started.
2023-12-11T16:46:26.284979+09:00 1 [System] [MY-013577] [InnoDB] InnoDB initialization has ended.
2023-12-11T16:46:26.463515+09:00 0 [Warning] [MY-010068] [Server] CA certificate ca.pem is self signed.
2023-12-11T16:46:26.465509+09:00 0 [System] [MY-013602] [Server] Channel mysql_main configured to support TLS. Encrypted connections are now supported for this channel.
2023-12-11T16:46:26.467540+09:00 0 [Warning] [MY-011810] [Server] Insecure configuration for --pid-file: Location '/var/run/mysqld' in the path is accessible to all OS users. Consider choosing a different directory.
2023-12-11T16:46:26.482851+09:00 0 [System] [MY-011323] [Server] X Plugin ready for connections. Bind-address: '::' port: 33060, socket: /var/run/mysqld/mysqlx.sock
2023-12-11T16:46:26.482940+09:00 0 [System] [MY-010931] [Server] /usr/sbin/mysqld: ready for connections. Version: '8.2.0'  socket: '/var/run/mysqld/mysqld.sock'  port: 3306  MySQL Community Server - GPL.
